[0.301s] DEBUG:colcon:Command line arguments: ['/usr/bin/colcon', 'build', '--symlink-install', '--cmake-args', '-DCMAKE_C_COMPILER_LAUNCHER=ccache', '-DCMAKE_CXX_COMPILER_LAUNCHER=ccache', '-DCMAKE_BUILD_TYPE=RelWithDebInfo']
[0.301s] DEBUG:colcon:Parsed command line arguments: Namespace(log_base=None, log_level=None, verb_name='build', build_base='build', install_base='install', merge_install=False, symlink_install=True, test_result_base=None, continue_on_error=False, executor='parallel', parallel_workers=8, event_handlers=None, ignore_user_meta=False, metas=['./colcon.meta'], base_paths=['.'], packages_ignore=None, packages_ignore_regex=None, paths=None, packages_up_to=None, packages_up_to_regex=None, packages_above=None, packages_above_and_dependencies=None, packages_above_depth=None, packages_select_by_dep=None, packages_skip_by_dep=None, packages_skip_up_to=None, packages_select_build_failed=False, packages_skip_build_finished=False, packages_select_test_failures=False, packages_skip_test_passed=False, packages_select=None, packages_skip=None, packages_select_regex=None, packages_skip_regex=None, packages_start=None, packages_end=None, allow_overriding=[], cmake_args=['-DCMAKE_C_COMPILER_LAUNCHER=ccache', '-DCMAKE_CXX_COMPILER_LAUNCHER=ccache', '-DCMAKE_BUILD_TYPE=RelWithDebInfo'], cmake_target=None, cmake_target_skip_unavailable=False, cmake_clean_cache=False, cmake_clean_first=False, cmake_force_configure=False, ament_cmake_args=None, catkin_cmake_args=None, catkin_skip_building_tests=False, mixin_files=None, mixin=None, verb_parser=<colcon_mixin.mixin.mixin_argument.MixinArgumentDecorator object at 0x7f156b746fe0>, verb_extension=<colcon_core.verb.build.BuildVerb object at 0x7f156b746380>, main=<bound method BuildVerb.main of <colcon_core.verb.build.BuildVerb object at 0x7f156b746380>>, mixin_verb=('build',))
[0.708s] Level 1:colcon.colcon_core.package_discovery:discover_packages(colcon_meta) check parameters
[0.708s] Level 1:colcon.colcon_core.package_discovery:discover_packages(recursive) check parameters
[0.708s] Level 1:colcon.colcon_core.package_discovery:discover_packages(ignore) check parameters
[0.708s] Level 1:colcon.colcon_core.package_discovery:discover_packages(path) check parameters
[0.708s] Level 1:colcon.colcon_core.package_discovery:discover_packages(colcon_meta) discover
[0.709s] Level 1:colcon.colcon_core.package_discovery:discover_packages(recursive) discover
[0.709s] INFO:colcon.colcon_core.package_discovery:Crawling recursively for packages in '/home/deck/deck_ros2_ws'
[0.709s] Level 1:colcon.colcon_core.package_identification:_identify(.) by extensions ['ignore', 'ignore_ament_install']
[0.709s] Level 1:colcon.colcon_core.package_identification:_identify(.) by extension 'ignore'
[0.709s] Level 1:colcon.colcon_core.package_identification:_identify(.) by extension 'ignore_ament_install'
[0.709s] Level 1:colcon.colcon_core.package_identification:_identify(.) by extensions ['colcon_pkg']
[0.709s] Level 1:colcon.colcon_core.package_identification:_identify(.) by extension 'colcon_pkg'
[0.709s] Level 1:colcon.colcon_core.package_identification:_identify(.) by extensions ['colcon_meta']
[0.709s] Level 1:colcon.colcon_core.package_identification:_identify(.) by extension 'colcon_meta'
[0.709s] Level 1:colcon.colcon_core.package_identification:_identify(.) by extensions ['ros']
[0.710s] Level 1:colcon.colcon_core.package_identification:_identify(.) by extension 'ros'
[0.728s] Level 1:colcon.colcon_core.package_identification:_identify(.) by extensions ['cmake', 'python']
[0.728s] Level 1:colcon.colcon_core.package_identification:_identify(.) by extension 'cmake'
[0.728s] Level 1:colcon.colcon_core.package_identification:_identify(.) by extension 'python'
[0.728s] Level 1:colcon.colcon_core.package_identification:_identify(.) by extensions ['python_setup_py']
[0.728s] Level 1:colcon.colcon_core.package_identification:_identify(.) by extension 'python_setup_py'
[0.729s] Level 1:colcon.colcon_core.package_identification:_identify(ansible) by extensions ['ignore', 'ignore_ament_install']
[0.729s] Level 1:colcon.colcon_core.package_identification:_identify(ansible) by extension 'ignore'
[0.729s] Level 1:colcon.colcon_core.package_identification:_identify(ansible) by extension 'ignore_ament_install'
[0.729s] Level 1:colcon.colcon_core.package_identification:_identify(ansible) by extensions ['colcon_pkg']
[0.729s] Level 1:colcon.colcon_core.package_identification:_identify(ansible) by extension 'colcon_pkg'
[0.729s] Level 1:colcon.colcon_core.package_identification:_identify(ansible) by extensions ['colcon_meta']
[0.729s] Level 1:colcon.colcon_core.package_identification:_identify(ansible) by extension 'colcon_meta'
[0.729s] Level 1:colcon.colcon_core.package_identification:_identify(ansible) by extensions ['ros']
[0.729s] Level 1:colcon.colcon_core.package_identification:_identify(ansible) by extension 'ros'
[0.729s] Level 1:colcon.colcon_core.package_identification:_identify(ansible) by extensions ['cmake', 'python']
[0.729s] Level 1:colcon.colcon_core.package_identification:_identify(ansible) by extension 'cmake'
[0.730s] Level 1:colcon.colcon_core.package_identification:_identify(ansible) by extension 'python'
[0.730s] Level 1:colcon.colcon_core.package_identification:_identify(ansible) by extensions ['python_setup_py']
[0.730s] Level 1:colcon.colcon_core.package_identification:_identify(ansible) by extension 'python_setup_py'
[0.730s] Level 1:colcon.colcon_core.package_identification:_identify(ansible/roles) by extensions ['ignore', 'ignore_ament_install']
[0.730s] Level 1:colcon.colcon_core.package_identification:_identify(ansible/roles) by extension 'ignore'
[0.730s] Level 1:colcon.colcon_core.package_identification:_identify(ansible/roles) by extension 'ignore_ament_install'
[0.730s] Level 1:colcon.colcon_core.package_identification:_identify(ansible/roles) by extensions ['colcon_pkg']
[0.730s] Level 1:colcon.colcon_core.package_identification:_identify(ansible/roles) by extension 'colcon_pkg'
[0.730s] Level 1:colcon.colcon_core.package_identification:_identify(ansible/roles) by extensions ['colcon_meta']
[0.730s] Level 1:colcon.colcon_core.package_identification:_identify(ansible/roles) by extension 'colcon_meta'
[0.730s] Level 1:colcon.colcon_core.package_identification:_identify(ansible/roles) by extensions ['ros']
[0.730s] Level 1:colcon.colcon_core.package_identification:_identify(ansible/roles) by extension 'ros'
[0.731s] Level 1:colcon.colcon_core.package_identification:_identify(ansible/roles) by extensions ['cmake', 'python']
[0.731s] Level 1:colcon.colcon_core.package_identification:_identify(ansible/roles) by extension 'cmake'
[0.731s] Level 1:colcon.colcon_core.package_identification:_identify(ansible/roles) by extension 'python'
[0.731s] Level 1:colcon.colcon_core.package_identification:_identify(ansible/roles) by extensions ['python_setup_py']
[0.731s] Level 1:colcon.colcon_core.package_identification:_identify(ansible/roles) by extension 'python_setup_py'
[0.731s] Level 1:colcon.colcon_core.package_identification:_identify(ansible/roles/bashrc) by extensions ['ignore', 'ignore_ament_install']
[0.731s] Level 1:colcon.colcon_core.package_identification:_identify(ansible/roles/bashrc) by extension 'ignore'
[0.731s] Level 1:colcon.colcon_core.package_identification:_identify(ansible/roles/bashrc) by extension 'ignore_ament_install'
[0.731s] Level 1:colcon.colcon_core.package_identification:_identify(ansible/roles/bashrc) by extensions ['colcon_pkg']
[0.731s] Level 1:colcon.colcon_core.package_identification:_identify(ansible/roles/bashrc) by extension 'colcon_pkg'
[0.731s] Level 1:colcon.colcon_core.package_identification:_identify(ansible/roles/bashrc) by extensions ['colcon_meta']
[0.732s] Level 1:colcon.colcon_core.package_identification:_identify(ansible/roles/bashrc) by extension 'colcon_meta'
[0.732s] Level 1:colcon.colcon_core.package_identification:_identify(ansible/roles/bashrc) by extensions ['ros']
[0.732s] Level 1:colcon.colcon_core.package_identification:_identify(ansible/roles/bashrc) by extension 'ros'
[0.732s] Level 1:colcon.colcon_core.package_identification:_identify(ansible/roles/bashrc) by extensions ['cmake', 'python']
[0.732s] Level 1:colcon.colcon_core.package_identification:_identify(ansible/roles/bashrc) by extension 'cmake'
[0.732s] Level 1:colcon.colcon_core.package_identification:_identify(ansible/roles/bashrc) by extension 'python'
[0.732s] Level 1:colcon.colcon_core.package_identification:_identify(ansible/roles/bashrc) by extensions ['python_setup_py']
[0.732s] Level 1:colcon.colcon_core.package_identification:_identify(ansible/roles/bashrc) by extension 'python_setup_py'
[0.732s] Level 1:colcon.colcon_core.package_identification:_identify(ansible/roles/bashrc/tasks) by extensions ['ignore', 'ignore_ament_install']
[0.733s] Level 1:colcon.colcon_core.package_identification:_identify(ansible/roles/bashrc/tasks) by extension 'ignore'
[0.733s] Level 1:colcon.colcon_core.package_identification:_identify(ansible/roles/bashrc/tasks) by extension 'ignore_ament_install'
[0.733s] Level 1:colcon.colcon_core.package_identification:_identify(ansible/roles/bashrc/tasks) by extensions ['colcon_pkg']
[0.733s] Level 1:colcon.colcon_core.package_identification:_identify(ansible/roles/bashrc/tasks) by extension 'colcon_pkg'
[0.733s] Level 1:colcon.colcon_core.package_identification:_identify(ansible/roles/bashrc/tasks) by extensions ['colcon_meta']
[0.733s] Level 1:colcon.colcon_core.package_identification:_identify(ansible/roles/bashrc/tasks) by extension 'colcon_meta'
[0.733s] Level 1:colcon.colcon_core.package_identification:_identify(ansible/roles/bashrc/tasks) by extensions ['ros']
[0.733s] Level 1:colcon.colcon_core.package_identification:_identify(ansible/roles/bashrc/tasks) by extension 'ros'
[0.733s] Level 1:colcon.colcon_core.package_identification:_identify(ansible/roles/bashrc/tasks) by extensions ['cmake', 'python']
[0.733s] Level 1:colcon.colcon_core.package_identification:_identify(ansible/roles/bashrc/tasks) by extension 'cmake'
[0.733s] Level 1:colcon.colcon_core.package_identification:_identify(ansible/roles/bashrc/tasks) by extension 'python'
[0.733s] Level 1:colcon.colcon_core.package_identification:_identify(ansible/roles/bashrc/tasks) by extensions ['python_setup_py']
[0.733s] Level 1:colcon.colcon_core.package_identification:_identify(ansible/roles/bashrc/tasks) by extension 'python_setup_py'
[0.734s] Level 1:colcon.colcon_core.package_identification:_identify(ansible/roles/koides_pkg) by extensions ['ignore', 'ignore_ament_install']
[0.734s] Level 1:colcon.colcon_core.package_identification:_identify(ansible/roles/koides_pkg) by extension 'ignore'
[0.734s] Level 1:colcon.colcon_core.package_identification:_identify(ansible/roles/koides_pkg) by extension 'ignore_ament_install'
[0.734s] Level 1:colcon.colcon_core.package_identification:_identify(ansible/roles/koides_pkg) by extensions ['colcon_pkg']
[0.734s] Level 1:colcon.colcon_core.package_identification:_identify(ansible/roles/koides_pkg) by extension 'colcon_pkg'
[0.734s] Level 1:colcon.colcon_core.package_identification:_identify(ansible/roles/koides_pkg) by extensions ['colcon_meta']
[0.734s] Level 1:colcon.colcon_core.package_identification:_identify(ansible/roles/koides_pkg) by extension 'colcon_meta'
[0.734s] Level 1:colcon.colcon_core.package_identification:_identify(ansible/roles/koides_pkg) by extensions ['ros']
[0.734s] Level 1:colcon.colcon_core.package_identification:_identify(ansible/roles/koides_pkg) by extension 'ros'
[0.734s] Level 1:colcon.colcon_core.package_identification:_identify(ansible/roles/koides_pkg) by extensions ['cmake', 'python']
[0.734s] Level 1:colcon.colcon_core.package_identification:_identify(ansible/roles/koides_pkg) by extension 'cmake'
[0.735s] Level 1:colcon.colcon_core.package_identification:_identify(ansible/roles/koides_pkg) by extension 'python'
[0.735s] Level 1:colcon.colcon_core.package_identification:_identify(ansible/roles/koides_pkg) by extensions ['python_setup_py']
[0.735s] Level 1:colcon.colcon_core.package_identification:_identify(ansible/roles/koides_pkg) by extension 'python_setup_py'
[0.735s] Level 1:colcon.colcon_core.package_identification:_identify(ansible/roles/koides_pkg/tasks) by extensions ['ignore', 'ignore_ament_install']
[0.735s] Level 1:colcon.colcon_core.package_identification:_identify(ansible/roles/koides_pkg/tasks) by extension 'ignore'
[0.735s] Level 1:colcon.colcon_core.package_identification:_identify(ansible/roles/koides_pkg/tasks) by extension 'ignore_ament_install'
[0.735s] Level 1:colcon.colcon_core.package_identification:_identify(ansible/roles/koides_pkg/tasks) by extensions ['colcon_pkg']
[0.735s] Level 1:colcon.colcon_core.package_identification:_identify(ansible/roles/koides_pkg/tasks) by extension 'colcon_pkg'
[0.735s] Level 1:colcon.colcon_core.package_identification:_identify(ansible/roles/koides_pkg/tasks) by extensions ['colcon_meta']
[0.735s] Level 1:colcon.colcon_core.package_identification:_identify(ansible/roles/koides_pkg/tasks) by extension 'colcon_meta'
[0.735s] Level 1:colcon.colcon_core.package_identification:_identify(ansible/roles/koides_pkg/tasks) by extensions ['ros']
[0.735s] Level 1:colcon.colcon_core.package_identification:_identify(ansible/roles/koides_pkg/tasks) by extension 'ros'
[0.736s] Level 1:colcon.colcon_core.package_identification:_identify(ansible/roles/koides_pkg/tasks) by extensions ['cmake', 'python']
[0.736s] Level 1:colcon.colcon_core.package_identification:_identify(ansible/roles/koides_pkg/tasks) by extension 'cmake'
[0.736s] Level 1:colcon.colcon_core.package_identification:_identify(ansible/roles/koides_pkg/tasks) by extension 'python'
[0.736s] Level 1:colcon.colcon_core.package_identification:_identify(ansible/roles/koides_pkg/tasks) by extensions ['python_setup_py']
[0.736s] Level 1:colcon.colcon_core.package_identification:_identify(ansible/roles/koides_pkg/tasks) by extension 'python_setup_py'
[0.736s] Level 1:colcon.colcon_core.package_identification:_identify(ansible/roles/my_ros2_pkg) by extensions ['ignore', 'ignore_ament_install']
[0.736s] Level 1:colcon.colcon_core.package_identification:_identify(ansible/roles/my_ros2_pkg) by extension 'ignore'
[0.736s] Level 1:colcon.colcon_core.package_identification:_identify(ansible/roles/my_ros2_pkg) by extension 'ignore_ament_install'
[0.737s] Level 1:colcon.colcon_core.package_identification:_identify(ansible/roles/my_ros2_pkg) by extensions ['colcon_pkg']
[0.737s] Level 1:colcon.colcon_core.package_identification:_identify(ansible/roles/my_ros2_pkg) by extension 'colcon_pkg'
[0.737s] Level 1:colcon.colcon_core.package_identification:_identify(ansible/roles/my_ros2_pkg) by extensions ['colcon_meta']
[0.737s] Level 1:colcon.colcon_core.package_identification:_identify(ansible/roles/my_ros2_pkg) by extension 'colcon_meta'
[0.737s] Level 1:colcon.colcon_core.package_identification:_identify(ansible/roles/my_ros2_pkg) by extensions ['ros']
[0.737s] Level 1:colcon.colcon_core.package_identification:_identify(ansible/roles/my_ros2_pkg) by extension 'ros'
[0.737s] Level 1:colcon.colcon_core.package_identification:_identify(ansible/roles/my_ros2_pkg) by extensions ['cmake', 'python']
[0.737s] Level 1:colcon.colcon_core.package_identification:_identify(ansible/roles/my_ros2_pkg) by extension 'cmake'
[0.737s] Level 1:colcon.colcon_core.package_identification:_identify(ansible/roles/my_ros2_pkg) by extension 'python'
[0.737s] Level 1:colcon.colcon_core.package_identification:_identify(ansible/roles/my_ros2_pkg) by extensions ['python_setup_py']
[0.737s] Level 1:colcon.colcon_core.package_identification:_identify(ansible/roles/my_ros2_pkg) by extension 'python_setup_py'
[0.737s] Level 1:colcon.colcon_core.package_identification:_identify(ansible/roles/my_ros2_pkg/tasks) by extensions ['ignore', 'ignore_ament_install']
[0.738s] Level 1:colcon.colcon_core.package_identification:_identify(ansible/roles/my_ros2_pkg/tasks) by extension 'ignore'
[0.738s] Level 1:colcon.colcon_core.package_identification:_identify(ansible/roles/my_ros2_pkg/tasks) by extension 'ignore_ament_install'
[0.738s] Level 1:colcon.colcon_core.package_identification:_identify(ansible/roles/my_ros2_pkg/tasks) by extensions ['colcon_pkg']
[0.738s] Level 1:colcon.colcon_core.package_identification:_identify(ansible/roles/my_ros2_pkg/tasks) by extension 'colcon_pkg'
[0.738s] Level 1:colcon.colcon_core.package_identification:_identify(ansible/roles/my_ros2_pkg/tasks) by extensions ['colcon_meta']
[0.738s] Level 1:colcon.colcon_core.package_identification:_identify(ansible/roles/my_ros2_pkg/tasks) by extension 'colcon_meta'
[0.738s] Level 1:colcon.colcon_core.package_identification:_identify(ansible/roles/my_ros2_pkg/tasks) by extensions ['ros']
[0.738s] Level 1:colcon.colcon_core.package_identification:_identify(ansible/roles/my_ros2_pkg/tasks) by extension 'ros'
[0.738s] Level 1:colcon.colcon_core.package_identification:_identify(ansible/roles/my_ros2_pkg/tasks) by extensions ['cmake', 'python']
[0.738s] Level 1:colcon.colcon_core.package_identification:_identify(ansible/roles/my_ros2_pkg/tasks) by extension 'cmake'
[0.738s] Level 1:colcon.colcon_core.package_identification:_identify(ansible/roles/my_ros2_pkg/tasks) by extension 'python'
[0.738s] Level 1:colcon.colcon_core.package_identification:_identify(ansible/roles/my_ros2_pkg/tasks) by extensions ['python_setup_py']
[0.738s] Level 1:colcon.colcon_core.package_identification:_identify(ansible/roles/my_ros2_pkg/tasks) by extension 'python_setup_py'
[0.739s] Level 1:colcon.colcon_core.package_identification:_identify(ansible/roles/ros2) by extensions ['ignore', 'ignore_ament_install']
[0.739s] Level 1:colcon.colcon_core.package_identification:_identify(ansible/roles/ros2) by extension 'ignore'
[0.739s] Level 1:colcon.colcon_core.package_identification:_identify(ansible/roles/ros2) by extension 'ignore_ament_install'
[0.739s] Level 1:colcon.colcon_core.package_identification:_identify(ansible/roles/ros2) by extensions ['colcon_pkg']
[0.739s] Level 1:colcon.colcon_core.package_identification:_identify(ansible/roles/ros2) by extension 'colcon_pkg'
[0.739s] Level 1:colcon.colcon_core.package_identification:_identify(ansible/roles/ros2) by extensions ['colcon_meta']
[0.739s] Level 1:colcon.colcon_core.package_identification:_identify(ansible/roles/ros2) by extension 'colcon_meta'
[0.739s] Level 1:colcon.colcon_core.package_identification:_identify(ansible/roles/ros2) by extensions ['ros']
[0.739s] Level 1:colcon.colcon_core.package_identification:_identify(ansible/roles/ros2) by extension 'ros'
[0.739s] Level 1:colcon.colcon_core.package_identification:_identify(ansible/roles/ros2) by extensions ['cmake', 'python']
[0.739s] Level 1:colcon.colcon_core.package_identification:_identify(ansible/roles/ros2) by extension 'cmake'
[0.740s] Level 1:colcon.colcon_core.package_identification:_identify(ansible/roles/ros2) by extension 'python'
[0.740s] Level 1:colcon.colcon_core.package_identification:_identify(ansible/roles/ros2) by extensions ['python_setup_py']
[0.740s] Level 1:colcon.colcon_core.package_identification:_identify(ansible/roles/ros2) by extension 'python_setup_py'
[0.740s] Level 1:colcon.colcon_core.package_identification:_identify(ansible/roles/ros2/tasks) by extensions ['ignore', 'ignore_ament_install']
[0.740s] Level 1:colcon.colcon_core.package_identification:_identify(ansible/roles/ros2/tasks) by extension 'ignore'
[0.740s] Level 1:colcon.colcon_core.package_identification:_identify(ansible/roles/ros2/tasks) by extension 'ignore_ament_install'
[0.740s] Level 1:colcon.colcon_core.package_identification:_identify(ansible/roles/ros2/tasks) by extensions ['colcon_pkg']
[0.740s] Level 1:colcon.colcon_core.package_identification:_identify(ansible/roles/ros2/tasks) by extension 'colcon_pkg'
[0.740s] Level 1:colcon.colcon_core.package_identification:_identify(ansible/roles/ros2/tasks) by extensions ['colcon_meta']
[0.740s] Level 1:colcon.colcon_core.package_identification:_identify(ansible/roles/ros2/tasks) by extension 'colcon_meta'
[0.740s] Level 1:colcon.colcon_core.package_identification:_identify(ansible/roles/ros2/tasks) by extensions ['ros']
[0.740s] Level 1:colcon.colcon_core.package_identification:_identify(ansible/roles/ros2/tasks) by extension 'ros'
[0.741s] Level 1:colcon.colcon_core.package_identification:_identify(ansible/roles/ros2/tasks) by extensions ['cmake', 'python']
[0.741s] Level 1:colcon.colcon_core.package_identification:_identify(ansible/roles/ros2/tasks) by extension 'cmake'
[0.741s] Level 1:colcon.colcon_core.package_identification:_identify(ansible/roles/ros2/tasks) by extension 'python'
[0.741s] Level 1:colcon.colcon_core.package_identification:_identify(ansible/roles/ros2/tasks) by extensions ['python_setup_py']
[0.741s] Level 1:colcon.colcon_core.package_identification:_identify(ansible/roles/ros2/tasks) by extension 'python_setup_py'
[0.741s] Level 1:colcon.colcon_core.package_identification:_identify(ansible/roles/ubuntu) by extensions ['ignore', 'ignore_ament_install']
[0.741s] Level 1:colcon.colcon_core.package_identification:_identify(ansible/roles/ubuntu) by extension 'ignore'
[0.741s] Level 1:colcon.colcon_core.package_identification:_identify(ansible/roles/ubuntu) by extension 'ignore_ament_install'
[0.741s] Level 1:colcon.colcon_core.package_identification:_identify(ansible/roles/ubuntu) by extensions ['colcon_pkg']
[0.741s] Level 1:colcon.colcon_core.package_identification:_identify(ansible/roles/ubuntu) by extension 'colcon_pkg'
[0.741s] Level 1:colcon.colcon_core.package_identification:_identify(ansible/roles/ubuntu) by extensions ['colcon_meta']
[0.742s] Level 1:colcon.colcon_core.package_identification:_identify(ansible/roles/ubuntu) by extension 'colcon_meta'
[0.742s] Level 1:colcon.colcon_core.package_identification:_identify(ansible/roles/ubuntu) by extensions ['ros']
[0.742s] Level 1:colcon.colcon_core.package_identification:_identify(ansible/roles/ubuntu) by extension 'ros'
[0.742s] Level 1:colcon.colcon_core.package_identification:_identify(ansible/roles/ubuntu) by extensions ['cmake', 'python']
[0.742s] Level 1:colcon.colcon_core.package_identification:_identify(ansible/roles/ubuntu) by extension 'cmake'
[0.742s] Level 1:colcon.colcon_core.package_identification:_identify(ansible/roles/ubuntu) by extension 'python'
[0.742s] Level 1:colcon.colcon_core.package_identification:_identify(ansible/roles/ubuntu) by extensions ['python_setup_py']
[0.742s] Level 1:colcon.colcon_core.package_identification:_identify(ansible/roles/ubuntu) by extension 'python_setup_py'
[0.742s] Level 1:colcon.colcon_core.package_identification:_identify(ansible/roles/ubuntu/tasks) by extensions ['ignore', 'ignore_ament_install']
[0.742s] Level 1:colcon.colcon_core.package_identification:_identify(ansible/roles/ubuntu/tasks) by extension 'ignore'
[0.743s] Level 1:colcon.colcon_core.package_identification:_identify(ansible/roles/ubuntu/tasks) by extension 'ignore_ament_install'
[0.743s] Level 1:colcon.colcon_core.package_identification:_identify(ansible/roles/ubuntu/tasks) by extensions ['colcon_pkg']
[0.743s] Level 1:colcon.colcon_core.package_identification:_identify(ansible/roles/ubuntu/tasks) by extension 'colcon_pkg'
[0.743s] Level 1:colcon.colcon_core.package_identification:_identify(ansible/roles/ubuntu/tasks) by extensions ['colcon_meta']
[0.743s] Level 1:colcon.colcon_core.package_identification:_identify(ansible/roles/ubuntu/tasks) by extension 'colcon_meta'
[0.743s] Level 1:colcon.colcon_core.package_identification:_identify(ansible/roles/ubuntu/tasks) by extensions ['ros']
[0.743s] Level 1:colcon.colcon_core.package_identification:_identify(ansible/roles/ubuntu/tasks) by extension 'ros'
[0.743s] Level 1:colcon.colcon_core.package_identification:_identify(ansible/roles/ubuntu/tasks) by extensions ['cmake', 'python']
[0.743s] Level 1:colcon.colcon_core.package_identification:_identify(ansible/roles/ubuntu/tasks) by extension 'cmake'
[0.743s] Level 1:colcon.colcon_core.package_identification:_identify(ansible/roles/ubuntu/tasks) by extension 'python'
[0.743s] Level 1:colcon.colcon_core.package_identification:_identify(ansible/roles/ubuntu/tasks) by extensions ['python_setup_py']
[0.743s] Level 1:colcon.colcon_core.package_identification:_identify(ansible/roles/ubuntu/tasks) by extension 'python_setup_py'
[0.744s] Level 1:colcon.colcon_core.package_identification:_identify(ansible/roles/ubuntu/tasks/apt) by extensions ['ignore', 'ignore_ament_install']
[0.744s] Level 1:colcon.colcon_core.package_identification:_identify(ansible/roles/ubuntu/tasks/apt) by extension 'ignore'
[0.744s] Level 1:colcon.colcon_core.package_identification:_identify(ansible/roles/ubuntu/tasks/apt) by extension 'ignore_ament_install'
[0.744s] Level 1:colcon.colcon_core.package_identification:_identify(ansible/roles/ubuntu/tasks/apt) by extensions ['colcon_pkg']
[0.744s] Level 1:colcon.colcon_core.package_identification:_identify(ansible/roles/ubuntu/tasks/apt) by extension 'colcon_pkg'
[0.744s] Level 1:colcon.colcon_core.package_identification:_identify(ansible/roles/ubuntu/tasks/apt) by extensions ['colcon_meta']
[0.744s] Level 1:colcon.colcon_core.package_identification:_identify(ansible/roles/ubuntu/tasks/apt) by extension 'colcon_meta'
[0.744s] Level 1:colcon.colcon_core.package_identification:_identify(ansible/roles/ubuntu/tasks/apt) by extensions ['ros']
[0.744s] Level 1:colcon.colcon_core.package_identification:_identify(ansible/roles/ubuntu/tasks/apt) by extension 'ros'
[0.744s] Level 1:colcon.colcon_core.package_identification:_identify(ansible/roles/ubuntu/tasks/apt) by extensions ['cmake', 'python']
[0.744s] Level 1:colcon.colcon_core.package_identification:_identify(ansible/roles/ubuntu/tasks/apt) by extension 'cmake'
[0.744s] Level 1:colcon.colcon_core.package_identification:_identify(ansible/roles/ubuntu/tasks/apt) by extension 'python'
[0.744s] Level 1:colcon.colcon_core.package_identification:_identify(ansible/roles/ubuntu/tasks/apt) by extensions ['python_setup_py']
[0.745s] Level 1:colcon.colcon_core.package_identification:_identify(ansible/roles/ubuntu/tasks/apt) by extension 'python_setup_py'
[0.745s] Level 1:colcon.colcon_core.package_identification:_identify(build) by extensions ['ignore', 'ignore_ament_install']
[0.745s] Level 1:colcon.colcon_core.package_identification:_identify(build) by extension 'ignore'
[0.745s] Level 1:colcon.colcon_core.package_identification:_identify(build) ignored
[0.745s] Level 1:colcon.colcon_core.package_identification:_identify(install) by extensions ['ignore', 'ignore_ament_install']
[0.745s] Level 1:colcon.colcon_core.package_identification:_identify(install) by extension 'ignore'
[0.745s] Level 1:colcon.colcon_core.package_identification:_identify(install) ignored
[0.745s] Level 1:colcon.colcon_core.package_identification:_identify(log) by extensions ['ignore', 'ignore_ament_install']
[0.746s] Level 1:colcon.colcon_core.package_identification:_identify(log) by extension 'ignore'
[0.746s] Level 1:colcon.colcon_core.package_identification:_identify(log) ignored
[0.746s] Level 1:colcon.colcon_core.package_identification:_identify(src) by extensions ['ignore', 'ignore_ament_install']
[0.746s] Level 1:colcon.colcon_core.package_identification:_identify(src) by extension 'ignore'
[0.746s] Level 1:colcon.colcon_core.package_identification:_identify(src) by extension 'ignore_ament_install'
[0.746s] Level 1:colcon.colcon_core.package_identification:_identify(src) by extensions ['colcon_pkg']
[0.746s] Level 1:colcon.colcon_core.package_identification:_identify(src) by extension 'colcon_pkg'
[0.746s] Level 1:colcon.colcon_core.package_identification:_identify(src) by extensions ['colcon_meta']
[0.746s] Level 1:colcon.colcon_core.package_identification:_identify(src) by extension 'colcon_meta'
[0.746s] Level 1:colcon.colcon_core.package_identification:_identify(src) by extensions ['ros']
[0.746s] Level 1:colcon.colcon_core.package_identification:_identify(src) by extension 'ros'
[0.746s] Level 1:colcon.colcon_core.package_identification:_identify(src) by extensions ['cmake', 'python']
[0.747s] Level 1:colcon.colcon_core.package_identification:_identify(src) by extension 'cmake'
[0.747s] Level 1:colcon.colcon_core.package_identification:_identify(src) by extension 'python'
[0.747s] Level 1:colcon.colcon_core.package_identification:_identify(src) by extensions ['python_setup_py']
[0.747s] Level 1:colcon.colcon_core.package_identification:_identify(src) by extension 'python_setup_py'
[0.747s] Level 1:colcon.colcon_core.package_identification:_identify(src/manual_controller) by extensions ['ignore', 'ignore_ament_install']
[0.747s] Level 1:colcon.colcon_core.package_identification:_identify(src/manual_controller) by extension 'ignore'
[0.747s] Level 1:colcon.colcon_core.package_identification:_identify(src/manual_controller) by extension 'ignore_ament_install'
[0.747s] Level 1:colcon.colcon_core.package_identification:_identify(src/manual_controller) by extensions ['colcon_pkg']
[0.747s] Level 1:colcon.colcon_core.package_identification:_identify(src/manual_controller) by extension 'colcon_pkg'
[0.747s] Level 1:colcon.colcon_core.package_identification:_identify(src/manual_controller) by extensions ['colcon_meta']
[0.747s] Level 1:colcon.colcon_core.package_identification:_identify(src/manual_controller) by extension 'colcon_meta'
[0.747s] Level 1:colcon.colcon_core.package_identification:_identify(src/manual_controller) by extensions ['ros']
[0.748s] Level 1:colcon.colcon_core.package_identification:_identify(src/manual_controller) by extension 'ros'
[0.753s] DEBUG:colcon.colcon_core.package_identification:Package 'src/manual_controller' with type 'ros.ament_cmake' and name 'manual_controller'
[0.753s] Level 1:colcon.colcon_core.package_discovery:discover_packages(recursive) using defaults
[0.753s] Level 1:colcon.colcon_core.package_discovery:discover_packages(ignore) discover
[0.753s] Level 1:colcon.colcon_core.package_discovery:discover_packages(ignore) using defaults
[0.753s] Level 1:colcon.colcon_core.package_discovery:discover_packages(path) discover
[0.753s] Level 1:colcon.colcon_core.package_discovery:discover_packages(path) using defaults
[0.819s] Level 1:colcon.colcon_core.package_discovery:discover_packages(prefix_path) check parameters
[0.819s] Level 1:colcon.colcon_core.package_discovery:discover_packages(prefix_path) discover
[0.830s] DEBUG:colcon.colcon_installed_package_information.package_discovery:Found 11 installed packages in /home/deck/ros2_ws/install
[0.833s] DEBUG:colcon.colcon_installed_package_information.package_discovery:Found 367 installed packages in /opt/ros/humble
[0.836s] Level 1:colcon.colcon_core.package_discovery:discover_packages(prefix_path) using defaults
[0.969s] Level 5:colcon.colcon_core.verb:set package 'manual_controller' build argument 'cmake_args' from command line to '['-DCMAKE_C_COMPILER_LAUNCHER=ccache', '-DCMAKE_CXX_COMPILER_LAUNCHER=ccache', '-DCMAKE_BUILD_TYPE=RelWithDebInfo']'
[0.969s] Level 5:colcon.colcon_core.verb:set package 'manual_controller' build argument 'cmake_target' from command line to 'None'
[0.969s] Level 5:colcon.colcon_core.verb:set package 'manual_controller' build argument 'cmake_target_skip_unavailable' from command line to 'False'
[0.969s] Level 5:colcon.colcon_core.verb:set package 'manual_controller' build argument 'cmake_clean_cache' from command line to 'False'
[0.969s] Level 5:colcon.colcon_core.verb:set package 'manual_controller' build argument 'cmake_clean_first' from command line to 'False'
[0.969s] Level 5:colcon.colcon_core.verb:set package 'manual_controller' build argument 'cmake_force_configure' from command line to 'False'
[0.969s] Level 5:colcon.colcon_core.verb:set package 'manual_controller' build argument 'ament_cmake_args' from command line to 'None'
[0.969s] Level 5:colcon.colcon_core.verb:set package 'manual_controller' build argument 'catkin_cmake_args' from command line to 'None'
[0.969s] Level 5:colcon.colcon_core.verb:set package 'manual_controller' build argument 'catkin_skip_building_tests' from command line to 'False'
[0.969s] DEBUG:colcon.colcon_core.verb:Building package 'manual_controller' with the following arguments: {'ament_cmake_args': None, 'build_base': '/home/deck/deck_ros2_ws/build/manual_controller', 'catkin_cmake_args': None, 'catkin_skip_building_tests': False, 'cmake_args': ['-DCMAKE_C_COMPILER_LAUNCHER=ccache', '-DCMAKE_CXX_COMPILER_LAUNCHER=ccache', '-DCMAKE_BUILD_TYPE=RelWithDebInfo'], 'cmake_clean_cache': False, 'cmake_clean_first': False, 'cmake_force_configure': False, 'cmake_target': None, 'cmake_target_skip_unavailable': False, 'install_base': '/home/deck/deck_ros2_ws/install/manual_controller', 'merge_install': False, 'path': '/home/deck/deck_ros2_ws/src/manual_controller', 'symlink_install': True, 'test_result_base': None}
[0.969s] INFO:colcon.colcon_core.executor:Executing jobs using 'parallel' executor
[0.971s] DEBUG:colcon.colcon_parallel_executor.executor.parallel:run_until_complete
[0.971s] INFO:colcon.colcon_ros.task.ament_cmake.build:Building ROS package in '/home/deck/deck_ros2_ws/src/manual_controller' with build type 'ament_cmake'
[0.971s] INFO:colcon.colcon_cmake.task.cmake.build:Building CMake package in '/home/deck/deck_ros2_ws/src/manual_controller'
[0.978s] INFO:colcon.colcon_core.plugin_system:Skipping extension 'colcon_core.shell.bat': Not used on non-Windows systems
[0.978s] INFO:colcon.colcon_core.shell:Skip shell extension 'powershell' for command environment: Not usable outside of PowerShell
[0.978s] DEBUG:colcon.colcon_core.shell:Skip shell extension 'dsv' for command environment
[0.997s] DEBUG:colcon.colcon_core.event_handler.log_command:Invoking command in '/home/deck/deck_ros2_ws/build/manual_controller': CMAKE_PREFIX_PATH=${CMAKE_PREFIX_PATH}:/opt/ros/humble /usr/bin/cmake /home/deck/deck_ros2_ws/src/manual_controller -DCMAKE_C_COMPILER_LAUNCHER=ccache -DCMAKE_CXX_COMPILER_LAUNCHER=ccache -DCMAKE_BUILD_TYPE=RelWithDebInfo -DAMENT_CMAKE_SYMLINK_INSTALL=1 -DCMAKE_INSTALL_PREFIX=/home/deck/deck_ros2_ws/install/manual_controller
[4.344s] DEBUG:colcon.colcon_core.event_handler.log_command:Invoked command in '/home/deck/deck_ros2_ws/build/manual_controller' returned '0': CMAKE_PREFIX_PATH=${CMAKE_PREFIX_PATH}:/opt/ros/humble /usr/bin/cmake /home/deck/deck_ros2_ws/src/manual_controller -DCMAKE_C_COMPILER_LAUNCHER=ccache -DCMAKE_CXX_COMPILER_LAUNCHER=ccache -DCMAKE_BUILD_TYPE=RelWithDebInfo -DAMENT_CMAKE_SYMLINK_INSTALL=1 -DCMAKE_INSTALL_PREFIX=/home/deck/deck_ros2_ws/install/manual_controller
[4.348s] DEBUG:colcon.colcon_core.event_handler.log_command:Invoking command in '/home/deck/deck_ros2_ws/build/manual_controller': CMAKE_PREFIX_PATH=${CMAKE_PREFIX_PATH}:/opt/ros/humble /usr/bin/cmake --build /home/deck/deck_ros2_ws/build/manual_controller -- -j8 -l8
[52.653s] DEBUG:colcon.colcon_core.event_handler.log_command:Invoked command in '/home/deck/deck_ros2_ws/build/manual_controller' returned '0': CMAKE_PREFIX_PATH=${CMAKE_PREFIX_PATH}:/opt/ros/humble /usr/bin/cmake --build /home/deck/deck_ros2_ws/build/manual_controller -- -j8 -l8
[52.735s] DEBUG:colcon.colcon_core.event_handler.log_command:Invoking command in '/home/deck/deck_ros2_ws/build/manual_controller': CMAKE_PREFIX_PATH=${CMAKE_PREFIX_PATH}:/opt/ros/humble /usr/bin/cmake --install /home/deck/deck_ros2_ws/build/manual_controller
[53.462s] Level 1:colcon.colcon_core.environment:create_environment_scripts_only(manual_controller)
[53.462s] DEBUG:colcon.colcon_core.event_handler.log_command:Invoked command in '/home/deck/deck_ros2_ws/build/manual_controller' returned '0': CMAKE_PREFIX_PATH=${CMAKE_PREFIX_PATH}:/opt/ros/humble /usr/bin/cmake --install /home/deck/deck_ros2_ws/build/manual_controller
[53.471s] Level 1:colcon.colcon_core.environment:checking '/home/deck/deck_ros2_ws/install/manual_controller' for CMake module files
[53.472s] Level 1:colcon.colcon_core.environment:checking '/home/deck/deck_ros2_ws/install/manual_controller' for CMake config files
[53.472s] Level 1:colcon.colcon_core.shell:create_environment_hook('manual_controller', 'cmake_prefix_path')
[53.473s] INFO:colcon.colcon_core.shell:Creating environment hook '/home/deck/deck_ros2_ws/install/manual_controller/share/manual_controller/hook/cmake_prefix_path.ps1'
[53.474s] INFO:colcon.colcon_core.shell:Creating environment descriptor '/home/deck/deck_ros2_ws/install/manual_controller/share/manual_controller/hook/cmake_prefix_path.dsv'
[53.475s] INFO:colcon.colcon_core.shell:Creating environment hook '/home/deck/deck_ros2_ws/install/manual_controller/share/manual_controller/hook/cmake_prefix_path.sh'
[53.477s] Level 1:colcon.colcon_core.environment:checking '/home/deck/deck_ros2_ws/install/manual_controller/lib'
[53.477s] Level 1:colcon.colcon_core.shell:create_environment_hook('manual_controller', 'ld_library_path_lib')
[53.478s] INFO:colcon.colcon_core.shell:Creating environment hook '/home/deck/deck_ros2_ws/install/manual_controller/share/manual_controller/hook/ld_library_path_lib.ps1'
[53.479s] INFO:colcon.colcon_core.shell:Creating environment descriptor '/home/deck/deck_ros2_ws/install/manual_controller/share/manual_controller/hook/ld_library_path_lib.dsv'
[53.480s] INFO:colcon.colcon_core.shell:Creating environment hook '/home/deck/deck_ros2_ws/install/manual_controller/share/manual_controller/hook/ld_library_path_lib.sh'
[53.481s] Level 1:colcon.colcon_core.environment:checking '/home/deck/deck_ros2_ws/install/manual_controller/bin'
[53.481s] Level 1:colcon.colcon_core.environment:checking '/home/deck/deck_ros2_ws/install/manual_controller/lib/pkgconfig/manual_controller.pc'
[53.481s] Level 1:colcon.colcon_core.environment:checking '/home/deck/deck_ros2_ws/install/manual_controller/lib/python3.10/site-packages'
[53.481s] Level 1:colcon.colcon_core.environment:checking '/home/deck/deck_ros2_ws/install/manual_controller/bin'
[53.482s] INFO:colcon.colcon_core.shell:Creating package script '/home/deck/deck_ros2_ws/install/manual_controller/share/manual_controller/package.ps1'
[53.483s] INFO:colcon.colcon_core.shell:Creating package descriptor '/home/deck/deck_ros2_ws/install/manual_controller/share/manual_controller/package.dsv'
[53.484s] INFO:colcon.colcon_core.shell:Creating package script '/home/deck/deck_ros2_ws/install/manual_controller/share/manual_controller/package.sh'
[53.485s] INFO:colcon.colcon_core.shell:Creating package script '/home/deck/deck_ros2_ws/install/manual_controller/share/manual_controller/package.bash'
[53.486s] INFO:colcon.colcon_core.shell:Creating package script '/home/deck/deck_ros2_ws/install/manual_controller/share/manual_controller/package.zsh'
[53.487s] Level 1:colcon.colcon_core.environment:create_file_with_runtime_dependencies(/home/deck/deck_ros2_ws/install/manual_controller/share/colcon-core/packages/manual_controller)
[53.543s] Level 1:colcon.colcon_core.environment:create_environment_scripts_only(manual_controller)
[53.544s] Level 1:colcon.colcon_core.environment:checking '/home/deck/deck_ros2_ws/install/manual_controller' for CMake module files
[53.544s] Level 1:colcon.colcon_core.environment:checking '/home/deck/deck_ros2_ws/install/manual_controller' for CMake config files
[53.545s] Level 1:colcon.colcon_core.shell:create_environment_hook('manual_controller', 'cmake_prefix_path')
[53.545s] INFO:colcon.colcon_core.shell:Creating environment hook '/home/deck/deck_ros2_ws/install/manual_controller/share/manual_controller/hook/cmake_prefix_path.ps1'
[53.546s] INFO:colcon.colcon_core.shell:Creating environment descriptor '/home/deck/deck_ros2_ws/install/manual_controller/share/manual_controller/hook/cmake_prefix_path.dsv'
[53.546s] INFO:colcon.colcon_core.shell:Creating environment hook '/home/deck/deck_ros2_ws/install/manual_controller/share/manual_controller/hook/cmake_prefix_path.sh'
[53.547s] Level 1:colcon.colcon_core.environment:checking '/home/deck/deck_ros2_ws/install/manual_controller/lib'
[53.548s] Level 1:colcon.colcon_core.shell:create_environment_hook('manual_controller', 'ld_library_path_lib')
[53.548s] INFO:colcon.colcon_core.shell:Creating environment hook '/home/deck/deck_ros2_ws/install/manual_controller/share/manual_controller/hook/ld_library_path_lib.ps1'
[53.549s] INFO:colcon.colcon_core.shell:Creating environment descriptor '/home/deck/deck_ros2_ws/install/manual_controller/share/manual_controller/hook/ld_library_path_lib.dsv'
[53.549s] INFO:colcon.colcon_core.shell:Creating environment hook '/home/deck/deck_ros2_ws/install/manual_controller/share/manual_controller/hook/ld_library_path_lib.sh'
[53.550s] Level 1:colcon.colcon_core.environment:checking '/home/deck/deck_ros2_ws/install/manual_controller/bin'
[53.550s] Level 1:colcon.colcon_core.environment:checking '/home/deck/deck_ros2_ws/install/manual_controller/lib/pkgconfig/manual_controller.pc'
[53.550s] Level 1:colcon.colcon_core.environment:checking '/home/deck/deck_ros2_ws/install/manual_controller/lib/python3.10/site-packages'
[53.551s] Level 1:colcon.colcon_core.environment:checking '/home/deck/deck_ros2_ws/install/manual_controller/bin'
[53.551s] INFO:colcon.colcon_core.shell:Creating package script '/home/deck/deck_ros2_ws/install/manual_controller/share/manual_controller/package.ps1'
[53.552s] INFO:colcon.colcon_core.shell:Creating package descriptor '/home/deck/deck_ros2_ws/install/manual_controller/share/manual_controller/package.dsv'
[53.553s] INFO:colcon.colcon_core.shell:Creating package script '/home/deck/deck_ros2_ws/install/manual_controller/share/manual_controller/package.sh'
[53.553s] INFO:colcon.colcon_core.shell:Creating package script '/home/deck/deck_ros2_ws/install/manual_controller/share/manual_controller/package.bash'
[53.554s] INFO:colcon.colcon_core.shell:Creating package script '/home/deck/deck_ros2_ws/install/manual_controller/share/manual_controller/package.zsh'
[53.554s] Level 1:colcon.colcon_core.environment:create_file_with_runtime_dependencies(/home/deck/deck_ros2_ws/install/manual_controller/share/colcon-core/packages/manual_controller)
[53.555s] DEBUG:colcon.colcon_parallel_executor.executor.parallel:closing loop
[53.555s] DEBUG:colcon.colcon_parallel_executor.executor.parallel:loop closed
[53.555s] DEBUG:colcon.colcon_parallel_executor.executor.parallel:run_until_complete finished with '0'
[53.555s] DEBUG:colcon.colcon_core.event_reactor:joining thread
[53.574s] INFO:colcon.colcon_core.plugin_system:Skipping extension 'colcon_notification.desktop_notification.notify_send': Could not find 'notify-send'
[53.574s] INFO:colcon.colcon_core.plugin_system:Skipping extension 'colcon_notification.desktop_notification.terminal_notifier': Not used on non-Darwin systems
[53.574s] INFO:colcon.colcon_core.plugin_system:Skipping extension 'colcon_notification.desktop_notification.win32': Not used on non-Windows systems
[53.574s] INFO:colcon.colcon_notification.desktop_notification:Sending desktop notification using 'notify2'
[53.610s] DEBUG:colcon.colcon_core.event_reactor:joined thread
[53.611s] INFO:colcon.colcon_core.shell:Creating prefix script '/home/deck/deck_ros2_ws/install/local_setup.ps1'
[53.612s] INFO:colcon.colcon_core.shell:Creating prefix util module '/home/deck/deck_ros2_ws/install/_local_setup_util_ps1.py'
[53.614s] INFO:colcon.colcon_core.shell:Creating prefix chain script '/home/deck/deck_ros2_ws/install/setup.ps1'
[53.617s] INFO:colcon.colcon_core.shell:Creating prefix script '/home/deck/deck_ros2_ws/install/local_setup.sh'
[53.618s] INFO:colcon.colcon_core.shell:Creating prefix util module '/home/deck/deck_ros2_ws/install/_local_setup_util_sh.py'
[53.620s] INFO:colcon.colcon_core.shell:Creating prefix chain script '/home/deck/deck_ros2_ws/install/setup.sh'
[53.622s] INFO:colcon.colcon_core.shell:Creating prefix script '/home/deck/deck_ros2_ws/install/local_setup.bash'
[53.623s] INFO:colcon.colcon_core.shell:Creating prefix chain script '/home/deck/deck_ros2_ws/install/setup.bash'
[53.626s] INFO:colcon.colcon_core.shell:Creating prefix script '/home/deck/deck_ros2_ws/install/local_setup.zsh'
[53.628s] INFO:colcon.colcon_core.shell:Creating prefix chain script '/home/deck/deck_ros2_ws/install/setup.zsh'
