[0.025s] Invoking command in '/home/deck/deck_ros2_ws/build/manual_controller': CMAKE_PREFIX_PATH=${CMAKE_PREFIX_PATH}:/opt/ros/humble /usr/bin/cmake --build /home/deck/deck_ros2_ws/build/manual_controller -- -j8 -l8
[0.144s] [35m[1mConsolidate compiler generated dependencies of target manual_controller_component[0m
[0.193s] [ 50%] Built target manual_controller_component
[0.227s] [35m[1mConsolidate compiler generated dependencies of target manual_controller[0m
[0.273s] [100%] Built target manual_controller
[0.305s] Invoked command in '/home/deck/deck_ros2_ws/build/manual_controller' returned '0': CMAKE_PREFIX_PATH=${CMAKE_PREFIX_PATH}:/opt/ros/humble /usr/bin/cmake --build /home/deck/deck_ros2_ws/build/manual_controller -- -j8 -l8
[0.423s] Invoking command in '/home/deck/deck_ros2_ws/build/manual_controller': CMAKE_PREFIX_PATH=${CMAKE_PREFIX_PATH}:/opt/ros/humble /usr/bin/cmake --install /home/deck/deck_ros2_ws/build/manual_controller
[0.445s] -- Install configuration: "RelWithDebInfo"
[0.446s] -- Execute custom install script
[0.447s] -- Up-to-date symlink: /home/deck/deck_ros2_ws/install/manual_controller/share/manual_controller//config/manual_controller_param.yaml
[0.447s] -- Up-to-date symlink: /home/deck/deck_ros2_ws/install/manual_controller/share/manual_controller//config/steamdeck_manual_controller_param.yaml
[0.447s] -- Up-to-date symlink: /home/deck/deck_ros2_ws/install/manual_controller/share/manual_controller//config/twist_switcher_param.yaml
[0.447s] -- Up-to-date symlink: /home/deck/deck_ros2_ws/install/manual_controller/share/manual_controller//launch/controller.launch.py
[0.448s] -- Up-to-date symlink: /home/deck/deck_ros2_ws/install/manual_controller/share/manual_controller//launch/steamdeck.launch.py
[0.448s] -- Up-to-date symlink: /home/deck/deck_ros2_ws/install/manual_controller/share/manual_controller//launch/steamdeck_aisl.launch.py
[0.448s] -- Up-to-date symlink: /home/deck/deck_ros2_ws/install/manual_controller/share/manual_controller//rviz/deck.rviz
[0.449s] -- Up-to-date symlink: /home/deck/deck_ros2_ws/install/manual_controller/include/manual_controller/controller/controller.hpp
[0.449s] -- Up-to-date symlink: /home/deck/deck_ros2_ws/install/manual_controller/include/manual_controller/controller/logi_xbox.hpp
[0.450s] -- Up-to-date symlink: /home/deck/deck_ros2_ws/install/manual_controller/include/manual_controller/controller/ps4.hpp
[0.450s] -- Up-to-date symlink: /home/deck/deck_ros2_ws/install/manual_controller/include/manual_controller/controller/steamdeck.hpp
[0.450s] -- Up-to-date symlink: /home/deck/deck_ros2_ws/install/manual_controller/include/manual_controller/manual_controller_component.hpp
[0.450s] -- Up-to-date symlink: /home/deck/deck_ros2_ws/install/manual_controller/share/manual_controller/environment/library_path.sh
[0.451s] -- Up-to-date symlink: /home/deck/deck_ros2_ws/install/manual_controller/share/manual_controller/environment/library_path.dsv
[0.451s] -- Up-to-date symlink: /home/deck/deck_ros2_ws/install/manual_controller/lib/libmanual_controller_component.so
[0.451s] -- Up-to-date symlink: /home/deck/deck_ros2_ws/install/manual_controller/lib/manual_controller/manual_controller
[0.452s] -- Up-to-date symlink: /home/deck/deck_ros2_ws/install/manual_controller/share/ament_index/resource_index/package_run_dependencies/manual_controller
[0.452s] -- Up-to-date symlink: /home/deck/deck_ros2_ws/install/manual_controller/share/ament_index/resource_index/parent_prefix_path/manual_controller
[0.452s] -- Up-to-date symlink: /home/deck/deck_ros2_ws/install/manual_controller/share/manual_controller/environment/ament_prefix_path.sh
[0.453s] -- Up-to-date symlink: /home/deck/deck_ros2_ws/install/manual_controller/share/manual_controller/environment/ament_prefix_path.dsv
[0.453s] -- Up-to-date symlink: /home/deck/deck_ros2_ws/install/manual_controller/share/manual_controller/environment/path.sh
[0.454s] -- Up-to-date symlink: /home/deck/deck_ros2_ws/install/manual_controller/share/manual_controller/environment/path.dsv
[0.454s] -- Up-to-date symlink: /home/deck/deck_ros2_ws/install/manual_controller/share/manual_controller/local_setup.bash
[0.455s] -- Up-to-date symlink: /home/deck/deck_ros2_ws/install/manual_controller/share/manual_controller/local_setup.sh
[0.455s] -- Up-to-date symlink: /home/deck/deck_ros2_ws/install/manual_controller/share/manual_controller/local_setup.zsh
[0.455s] -- Up-to-date symlink: /home/deck/deck_ros2_ws/install/manual_controller/share/manual_controller/local_setup.dsv
[0.456s] -- Symlinking: /home/deck/deck_ros2_ws/install/manual_controller/share/manual_controller/package.dsv
[0.482s] -- Up-to-date symlink: /home/deck/deck_ros2_ws/install/manual_controller/share/ament_index/resource_index/packages/manual_controller
[0.482s] -- Up-to-date symlink: /home/deck/deck_ros2_ws/install/manual_controller/share/ament_index/resource_index/rclcpp_components/manual_controller
[0.482s] -- Up-to-date symlink: /home/deck/deck_ros2_ws/install/manual_controller/share/manual_controller/cmake/ament_cmake_export_dependencies-extras.cmake
[0.483s] -- Up-to-date symlink: /home/deck/deck_ros2_ws/install/manual_controller/share/manual_controller/cmake/ament_cmake_export_include_directories-extras.cmake
[0.483s] -- Up-to-date symlink: /home/deck/deck_ros2_ws/install/manual_controller/share/manual_controller/cmake/ament_cmake_export_libraries-extras.cmake
[0.483s] -- Up-to-date symlink: /home/deck/deck_ros2_ws/install/manual_controller/share/manual_controller/cmake/manual_controllerConfig.cmake
[0.484s] -- Up-to-date symlink: /home/deck/deck_ros2_ws/install/manual_controller/share/manual_controller/cmake/manual_controllerConfig-version.cmake
[0.484s] -- Up-to-date symlink: /home/deck/deck_ros2_ws/install/manual_controller/share/manual_controller/package.xml
[0.489s] Invoked command in '/home/deck/deck_ros2_ws/build/manual_controller' returned '0': CMAKE_PREFIX_PATH=${CMAKE_PREFIX_PATH}:/opt/ros/humble /usr/bin/cmake --install /home/deck/deck_ros2_ws/build/manual_controller
