-- The C compiler identification is GNU 11.4.0
-- The CXX compiler identification is GNU 11.4.0
-- Detecting C compiler ABI info
-- Detecting C compiler ABI info - done
-- Check for working C compiler: /usr/bin/cc - skipped
-- Detecting C compile features
-- Detecting C compile features - done
-- Detecting CXX compiler ABI info
-- Detecting CXX compiler ABI info - done
-- Check for working CXX compiler: /usr/bin/c++ - skipped
-- Detecting CXX compile features
-- Detecting CXX compile features - done
-- Found ament_cmake_auto: 1.3.10 (/opt/ros/humble/share/ament_cmake_auto/cmake)
-- Found Python3: /usr/bin/python3 (found version "3.10.12") found components: Interpreter 
-- Override CMake install command with custom implementation using symlinks instead of copying resources
-- Found rosidl_generator_c: 3.1.5 (/opt/ros/humble/share/rosidl_generator_c/cmake)
-- Found rosidl_adapter: 3.1.5 (/opt/ros/humble/share/rosidl_adapter/cmake)
-- Found rosidl_generator_cpp: 3.1.5 (/opt/ros/humble/share/rosidl_generator_cpp/cmake)
-- Using all available rosidl_typesupport_c: rosidl_typesupport_fastrtps_c;rosidl_typesupport_introspection_c
-- Using all available rosidl_typesupport_cpp: rosidl_typesupport_fastrtps_cpp;rosidl_typesupport_introspection_cpp
-- Found rmw_implementation_cmake: 6.1.2 (/opt/ros/humble/share/rmw_implementation_cmake/cmake)
-- Found rmw_fastrtps_cpp: 6.2.7 (/opt/ros/humble/share/rmw_fastrtps_cpp/cmake)
-- Found OpenSSL: /usr/lib/x86_64-linux-gnu/libcrypto.so (found version "3.0.2")  
-- Found FastRTPS: /opt/ros/humble/include  
-- Using RMW implementation 'rmw_fastrtps_cpp' as default
-- Looking for pthread.h
-- Looking for pthread.h - found
-- Performing Test CMAKE_HAVE_LIBC_PTHREAD
-- Performing Test CMAKE_HAVE_LIBC_PTHREAD - Success
-- Found Threads: TRUE  
-- Configuring done
-- Generating done
-- Build files have been written to: /home/deck/deck_ros2_ws/build/manual_controller
[ 25%] [32mBuilding CXX object CMakeFiles/manual_controller_component.dir/src/manual_controller_component.cpp.o[0m
[ 50%] [32m[1mLinking CXX shared library libmanual_controller_component.so[0m
[ 50%] Built target manual_controller_component
[ 75%] [32mBuilding CXX object CMakeFiles/manual_controller.dir/src/main.cpp.o[0m
[100%] [32m[1mLinking CXX executable manual_controller[0m
[100%] Built target manual_controller
-- Install configuration: "RelWithDebInfo"
-- Execute custom install script
-- Symlinking: /home/deck/deck_ros2_ws/install/manual_controller/share/manual_controller//config/manual_controller_param.yaml
-- Symlinking: /home/deck/deck_ros2_ws/install/manual_controller/share/manual_controller//config/steamdeck_manual_controller_param.yaml
-- Symlinking: /home/deck/deck_ros2_ws/install/manual_controller/share/manual_controller//config/twist_switcher_param.yaml
-- Symlinking: /home/deck/deck_ros2_ws/install/manual_controller/share/manual_controller//launch/controller.launch.py
-- Symlinking: /home/deck/deck_ros2_ws/install/manual_controller/share/manual_controller//launch/steamdeck.launch.py
-- Symlinking: /home/deck/deck_ros2_ws/install/manual_controller/share/manual_controller//launch/steamdeck_aisl.launch.py
-- Symlinking: /home/deck/deck_ros2_ws/install/manual_controller/share/manual_controller//rviz/deck.rviz
-- Symlinking: /home/deck/deck_ros2_ws/install/manual_controller/include/manual_controller/controller/controller.hpp
-- Symlinking: /home/deck/deck_ros2_ws/install/manual_controller/include/manual_controller/controller/logi_xbox.hpp
-- Symlinking: /home/deck/deck_ros2_ws/install/manual_controller/include/manual_controller/controller/ps4.hpp
-- Symlinking: /home/deck/deck_ros2_ws/install/manual_controller/include/manual_controller/controller/steamdeck.hpp
-- Symlinking: /home/deck/deck_ros2_ws/install/manual_controller/include/manual_controller/manual_controller_component.hpp
-- Symlinking: /home/deck/deck_ros2_ws/install/manual_controller/share/manual_controller/environment/library_path.sh
-- Symlinking: /home/deck/deck_ros2_ws/install/manual_controller/share/manual_controller/environment/library_path.dsv
-- Symlinking: /home/deck/deck_ros2_ws/install/manual_controller/lib/libmanual_controller_component.so
-- Symlinking: /home/deck/deck_ros2_ws/install/manual_controller/lib/manual_controller/manual_controller
-- Symlinking: /home/deck/deck_ros2_ws/install/manual_controller/share/ament_index/resource_index/package_run_dependencies/manual_controller
-- Symlinking: /home/deck/deck_ros2_ws/install/manual_controller/share/ament_index/resource_index/parent_prefix_path/manual_controller
-- Symlinking: /home/deck/deck_ros2_ws/install/manual_controller/share/manual_controller/environment/ament_prefix_path.sh
-- Symlinking: /home/deck/deck_ros2_ws/install/manual_controller/share/manual_controller/environment/ament_prefix_path.dsv
-- Symlinking: /home/deck/deck_ros2_ws/install/manual_controller/share/manual_controller/environment/path.sh
-- Symlinking: /home/deck/deck_ros2_ws/install/manual_controller/share/manual_controller/environment/path.dsv
-- Symlinking: /home/deck/deck_ros2_ws/install/manual_controller/share/manual_controller/local_setup.bash
-- Symlinking: /home/deck/deck_ros2_ws/install/manual_controller/share/manual_controller/local_setup.sh
-- Symlinking: /home/deck/deck_ros2_ws/install/manual_controller/share/manual_controller/local_setup.zsh
-- Symlinking: /home/deck/deck_ros2_ws/install/manual_controller/share/manual_controller/local_setup.dsv
-- Symlinking: /home/deck/deck_ros2_ws/install/manual_controller/share/manual_controller/package.dsv
-- Symlinking: /home/deck/deck_ros2_ws/install/manual_controller/share/ament_index/resource_index/packages/manual_controller
-- Symlinking: /home/deck/deck_ros2_ws/install/manual_controller/share/ament_index/resource_index/rclcpp_components/manual_controller
-- Symlinking: /home/deck/deck_ros2_ws/install/manual_controller/share/manual_controller/cmake/ament_cmake_export_dependencies-extras.cmake
-- Symlinking: /home/deck/deck_ros2_ws/install/manual_controller/share/manual_controller/cmake/ament_cmake_export_include_directories-extras.cmake
-- Symlinking: /home/deck/deck_ros2_ws/install/manual_controller/share/manual_controller/cmake/ament_cmake_export_libraries-extras.cmake
-- Symlinking: /home/deck/deck_ros2_ws/install/manual_controller/share/manual_controller/cmake/manual_controllerConfig.cmake
-- Symlinking: /home/deck/deck_ros2_ws/install/manual_controller/share/manual_controller/cmake/manual_controllerConfig-version.cmake
-- Symlinking: /home/deck/deck_ros2_ws/install/manual_controller/share/manual_controller/package.xml
